<?xml version="1.0" encoding="UTF-8"?>
<testng-results ignored="0" total="5" passed="4" failed="1" skipped="0">
  <reporter-output>
  </reporter-output>
  <suite started-at="2024-01-02T12:23:23 IST" name="Suite" finished-at="2024-01-02T12:25:50 IST" duration-ms="147551">
    <groups>
    </groups>
    <test started-at="2024-01-02T12:23:23 IST" name="Test" finished-at="2024-01-02T12:25:50 IST" duration-ms="147551">
      <class name="TestCases.AddToCart">
        <test-method is-config="true" signature="launchingBrowser()[pri:0, instance:TestCases.AddToCart@470734c3]" started-at="2024-01-02T12:23:23 IST" name="launchingBrowser" finished-at="2024-01-02T12:23:37 IST" duration-ms="14404" status="PASS">
          <reporter-output>
          </reporter-output>
        </test-method> <!-- launchingBrowser -->
        <test-method is-config="true" signature="loginToApplication()[pri:0, instance:TestCases.AddToCart@470734c3]" started-at="2024-01-02T12:23:42 IST" name="loginToApplication" finished-at="2024-01-02T12:23:48 IST" duration-ms="5993" status="PASS">
          <reporter-output>
          </reporter-output>
        </test-method> <!-- loginToApplication -->
        <test-method signature="Tc_AddAddress_001_Test(java.lang.String,java.lang.String,java.lang.String,java.lang.String,java.lang.String,java.lang.String,java.lang.String,java.lang.String,java.lang.String)[pri:0, instance:TestCases.AddToCart@470734c3]" started-at="2024-01-02T12:23:48 IST" name="Tc_AddAddress_001_Test" data-provider="dataProviderAddress1" finished-at="2024-01-02T12:23:54 IST" duration-ms="5995" status="PASS">
          <params>
            <param index="0">
              <value>
                <![CDATA[LoveBirds]]>
              </value>
            </param>
            <param index="1">
              <value>
                <![CDATA[Ambani Building,2nd Floor]]>
              </value>
            </param>
            <param index="2">
              <value>
                <![CDATA[Ambani Street]]>
              </value>
            </param>
            <param index="3">
              <value>
                <![CDATA[Ambani Point]]>
              </value>
            </param>
            <param index="4">
              <value>
                <![CDATA[India]]>
              </value>
            </param>
            <param index="5">
              <value>
                <![CDATA[Karnataka]]>
              </value>
            </param>
            <param index="6">
              <value>
                <![CDATA[Bengaluru]]>
              </value>
            </param>
            <param index="7">
              <value>
                <![CDATA[560010]]>
              </value>
            </param>
            <param index="8">
              <value>
                <![CDATA[9987569010]]>
              </value>
            </param>
          </params>
          <reporter-output>
          </reporter-output>
        </test-method> <!-- Tc_AddAddress_001_Test -->
        <test-method is-config="true" signature="logoutFromApplication()[pri:0, instance:TestCases.AddToCart@470734c3]" started-at="2024-01-02T12:23:54 IST" name="logoutFromApplication" finished-at="2024-01-02T12:24:05 IST" duration-ms="11800" status="PASS">
          <reporter-output>
          </reporter-output>
        </test-method> <!-- logoutFromApplication -->
        <test-method is-config="true" signature="loginToApplication()[pri:0, instance:TestCases.AddToCart@470734c3]" started-at="2024-01-02T12:24:05 IST" name="loginToApplication" finished-at="2024-01-02T12:24:09 IST" duration-ms="3546" status="PASS">
          <reporter-output>
          </reporter-output>
        </test-method> <!-- loginToApplication -->
        <test-method signature="Tc_AddAddress_001_Test(java.lang.String,java.lang.String,java.lang.String,java.lang.String,java.lang.String,java.lang.String,java.lang.String,java.lang.String,java.lang.String)[pri:0, instance:TestCases.AddToCart@470734c3]" started-at="2024-01-02T12:24:09 IST" name="Tc_AddAddress_001_Test" data-provider="dataProviderAddress1" finished-at="2024-01-02T12:24:14 IST" duration-ms="5388" status="PASS">
          <params>
            <param index="0">
              <value>
                <![CDATA[Adani]]>
              </value>
            </param>
            <param index="1">
              <value>
                <![CDATA[Adani Building,2nd Floor]]>
              </value>
            </param>
            <param index="2">
              <value>
                <![CDATA[Adani Street]]>
              </value>
            </param>
            <param index="3">
              <value>
                <![CDATA[Adani Point]]>
              </value>
            </param>
            <param index="4">
              <value>
                <![CDATA[India]]>
              </value>
            </param>
            <param index="5">
              <value>
                <![CDATA[Karnataka]]>
              </value>
            </param>
            <param index="6">
              <value>
                <![CDATA[Bengaluru]]>
              </value>
            </param>
            <param index="7">
              <value>
                <![CDATA[560010]]>
              </value>
            </param>
            <param index="8">
              <value>
                <![CDATA[9987569011]]>
              </value>
            </param>
          </params>
          <reporter-output>
          </reporter-output>
        </test-method> <!-- Tc_AddAddress_001_Test -->
        <test-method is-config="true" signature="logoutFromApplication()[pri:0, instance:TestCases.AddToCart@470734c3]" started-at="2024-01-02T12:24:14 IST" name="logoutFromApplication" finished-at="2024-01-02T12:24:26 IST" duration-ms="11666" status="PASS">
          <reporter-output>
          </reporter-output>
        </test-method> <!-- logoutFromApplication -->
        <test-method is-config="true" signature="loginToApplication()[pri:0, instance:TestCases.AddToCart@470734c3]" started-at="2024-01-02T12:24:26 IST" name="loginToApplication" finished-at="2024-01-02T12:24:30 IST" duration-ms="3600" status="PASS">
          <reporter-output>
          </reporter-output>
        </test-method> <!-- loginToApplication -->
        <test-method signature="TC_AddToCart_001_Test()[pri:0, instance:TestCases.AddToCart@470734c3]" started-at="2024-01-02T12:24:30 IST" name="TC_AddToCart_001_Test" finished-at="2024-01-02T12:24:43 IST" depends-on-methods="TestCases.AddToCart.Tc_AddAddress_001_Test" duration-ms="13037" status="PASS">
          <reporter-output>
          </reporter-output>
        </test-method> <!-- TC_AddToCart_001_Test -->
        <test-method is-config="true" signature="logoutFromApplication()[pri:0, instance:TestCases.AddToCart@470734c3]" started-at="2024-01-02T12:24:43 IST" name="logoutFromApplication" finished-at="2024-01-02T12:24:54 IST" duration-ms="11505" status="PASS">
          <reporter-output>
          </reporter-output>
        </test-method> <!-- logoutFromApplication -->
        <test-method is-config="true" signature="loginToApplication()[pri:0, instance:TestCases.AddToCart@470734c3]" started-at="2024-01-02T12:24:54 IST" name="loginToApplication" finished-at="2024-01-02T12:24:58 IST" duration-ms="3493" status="PASS">
          <reporter-output>
          </reporter-output>
        </test-method> <!-- loginToApplication -->
        <test-method signature="EndToEndNetBanking()[pri:1, instance:TestCases.AddToCart@470734c3]" started-at="2024-01-02T12:24:58 IST" name="EndToEndNetBanking" finished-at="2024-01-02T12:25:38 IST" depends-on-methods="TestCases.AddToCart.Tc_AddAddress_001_Test" duration-ms="40434" status="FAIL">
          <exception class="org.openqa.selenium.NoSuchElementException">
            <message>
              <![CDATA[no such element: Unable to locate element: {"method":"xpath","selector":"input[@value='Net Banking']"}
  (Session info: chrome=120.0.6099.130)
For documentation on this error, please visit: https://www.selenium.dev/documentation/webdriver/troubleshooting/errors#no-such-element-exception
Build info: version: '4.15.0', revision: '1d14b5521b'
System info: os.name: 'Windows 10', os.arch: 'amd64', os.version: '10.0', java.version: '17.0.7'
Driver info: org.openqa.selenium.chrome.ChromeDriver
Command: [35d08da2bd11a8e6fa9b62f0d1301466, findElement {using=xpath, value=input[@value='Net Banking']}]
Capabilities {acceptInsecureCerts: false, browserName: chrome, browserVersion: 120.0.6099.130, chrome: {chromedriverVersion: 120.0.6099.109 (3419140ab66..., userDataDir: C:\Users\Kaushik\AppData\Lo...}, fedcm:accounts: true, goog:chromeOptions: {debuggerAddress: localhost:5029}, networkConnectionEnabled: false, pageLoadStrategy: normal, platformName: windows, proxy: Proxy(), se:cdp: ws://localhost:5029/devtool..., se:cdpVersion: 120.0.6099.130, setWindowRect: true, strictFileInteractability: false, timeouts: {implicit: 0, pageLoad: 300000, script: 30000}, unhandledPromptBehavior: dismiss and notify, webauthn:extension:credBlob: true, webauthn:extension:largeBlob: true, webauthn:extension:minPinLength: true, webauthn:extension:prf: true, webauthn:virtualAuthenticators: true}
Session ID: 35d08da2bd11a8e6fa9b62f0d1301466]]>
            </message>
            <full-stacktrace>
              <![CDATA[org.openqa.selenium.NoSuchElementException: no such element: Unable to locate element: {"method":"xpath","selector":"input[@value='Net Banking']"}
  (Session info: chrome=120.0.6099.130)
For documentation on this error, please visit: https://www.selenium.dev/documentation/webdriver/troubleshooting/errors#no-such-element-exception
Build info: version: '4.15.0', revision: '1d14b5521b'
System info: os.name: 'Windows 10', os.arch: 'amd64', os.version: '10.0', java.version: '17.0.7'
Driver info: org.openqa.selenium.chrome.ChromeDriver
Command: [35d08da2bd11a8e6fa9b62f0d1301466, findElement {using=xpath, value=input[@value='Net Banking']}]
Capabilities {acceptInsecureCerts: false, browserName: chrome, browserVersion: 120.0.6099.130, chrome: {chromedriverVersion: 120.0.6099.109 (3419140ab66..., userDataDir: C:\Users\Kaushik\AppData\Lo...}, fedcm:accounts: true, goog:chromeOptions: {debuggerAddress: localhost:5029}, networkConnectionEnabled: false, pageLoadStrategy: normal, platformName: windows, proxy: Proxy(), se:cdp: ws://localhost:5029/devtool..., se:cdpVersion: 120.0.6099.130, setWindowRect: true, strictFileInteractability: false, timeouts: {implicit: 0, pageLoad: 300000, script: 30000}, unhandledPromptBehavior: dismiss and notify, webauthn:extension:credBlob: true, webauthn:extension:largeBlob: true, webauthn:extension:minPinLength: true, webauthn:extension:prf: true, webauthn:virtualAuthenticators: true}
Session ID: 35d08da2bd11a8e6fa9b62f0d1301466
at java.base/jdk.internal.reflect.NativeConstructorAccessorImpl.newInstance0(Native Method)
at java.base/jdk.internal.reflect.NativeConstructorAccessorImpl.newInstance(NativeConstructorAccessorImpl.java:77)
at java.base/jdk.internal.reflect.DelegatingConstructorAccessorImpl.newInstance(DelegatingConstructorAccessorImpl.java:45)
at java.base/java.lang.reflect.Constructor.newInstanceWithCaller(Constructor.java:499)
at java.base/java.lang.reflect.Constructor.newInstance(Constructor.java:480)
at org.openqa.selenium.remote.codec.w3c.W3CHttpResponseCodec.createException(W3CHttpResponseCodec.java:200)
at org.openqa.selenium.remote.codec.w3c.W3CHttpResponseCodec.decode(W3CHttpResponseCodec.java:133)
at org.openqa.selenium.remote.codec.w3c.W3CHttpResponseCodec.decode(W3CHttpResponseCodec.java:52)
at org.openqa.selenium.remote.HttpCommandExecutor.execute(HttpCommandExecutor.java:191)
at org.openqa.selenium.remote.service.DriverCommandExecutor.invokeExecute(DriverCommandExecutor.java:200)
at org.openqa.selenium.remote.service.DriverCommandExecutor.execute(DriverCommandExecutor.java:175)
at org.openqa.selenium.remote.RemoteWebDriver.execute(RemoteWebDriver.java:607)
at org.openqa.selenium.remote.ElementLocation$ElementFinder$2.findElement(ElementLocation.java:165)
at org.openqa.selenium.remote.ElementLocation.findElement(ElementLocation.java:59)
at org.openqa.selenium.remote.RemoteWebDriver.findElement(RemoteWebDriver.java:364)
at org.openqa.selenium.remote.RemoteWebDriver.findElement(RemoteWebDriver.java:358)
at org.openqa.selenium.support.pagefactory.DefaultElementLocator.findElement(DefaultElementLocator.java:68)
at org.openqa.selenium.support.pagefactory.internal.LocatingElementHandler.invoke(LocatingElementHandler.java:38)
at jdk.proxy2/jdk.proxy2.$Proxy17.click(Unknown Source)
at TestCases.AddToCart.EndToEndNetBanking(AddToCart.java:188)
at java.base/jdk.internal.reflect.NativeMethodAccessorImpl.invoke0(Native Method)
at java.base/jdk.internal.reflect.NativeMethodAccessorImpl.invoke(NativeMethodAccessorImpl.java:77)
at java.base/jdk.internal.reflect.DelegatingMethodAccessorImpl.invoke(DelegatingMethodAccessorImpl.java:43)
at java.base/java.lang.reflect.Method.invoke(Method.java:568)
at org.testng.internal.invokers.MethodInvocationHelper.invokeMethod(MethodInvocationHelper.java:139)
at org.testng.internal.invokers.TestInvoker.invokeMethod(TestInvoker.java:664)
at org.testng.internal.invokers.TestInvoker.invokeTestMethod(TestInvoker.java:227)
at org.testng.internal.invokers.MethodRunner.runInSequence(MethodRunner.java:50)
at org.testng.internal.invokers.TestInvoker$MethodInvocationAgent.invoke(TestInvoker.java:957)
at org.testng.internal.invokers.TestInvoker.invokeTestMethods(TestInvoker.java:200)
at org.testng.internal.invokers.TestMethodWorker.invokeTestMethods(TestMethodWorker.java:148)
at org.testng.internal.invokers.TestMethodWorker.run(TestMethodWorker.java:128)
at java.base/java.util.ArrayList.forEach(ArrayList.java:1511)
at org.testng.TestRunner.privateRun(TestRunner.java:848)
at org.testng.TestRunner.run(TestRunner.java:621)
at org.testng.SuiteRunner.runTest(SuiteRunner.java:443)
at org.testng.SuiteRunner.runSequentially(SuiteRunner.java:437)
at org.testng.SuiteRunner.privateRun(SuiteRunner.java:397)
at org.testng.SuiteRunner.run(SuiteRunner.java:336)
at org.testng.SuiteRunnerWorker.runSuite(SuiteRunnerWorker.java:52)
at org.testng.SuiteRunnerWorker.run(SuiteRunnerWorker.java:95)
at org.testng.TestNG.runSuitesSequentially(TestNG.java:1280)
at org.testng.TestNG.runSuitesLocally(TestNG.java:1200)
at org.testng.TestNG.runSuites(TestNG.java:1114)
at org.testng.TestNG.run(TestNG.java:1082)
at org.testng.remote.AbstractRemoteTestNG.run(AbstractRemoteTestNG.java:115)
at org.testng.remote.RemoteTestNG.initAndRun(RemoteTestNG.java:251)
at org.testng.remote.RemoteTestNG.main(RemoteTestNG.java:77)
]]>
            </full-stacktrace>
          </exception> <!-- org.openqa.selenium.NoSuchElementException -->
          <reporter-output>
          </reporter-output>
        </test-method> <!-- EndToEndNetBanking -->
        <test-method is-config="true" signature="logoutFromApplication()[pri:0, instance:TestCases.AddToCart@470734c3]" started-at="2024-01-02T12:25:38 IST" name="logoutFromApplication" finished-at="2024-01-02T12:25:50 IST" duration-ms="11296" status="PASS">
          <reporter-output>
          </reporter-output>
        </test-method> <!-- logoutFromApplication -->
        <test-method is-config="true" signature="quitBrowser()[pri:0, instance:TestCases.AddToCart@470734c3]" started-at="2024-01-02T12:25:50 IST" name="quitBrowser" finished-at="2024-01-02T12:25:50 IST" duration-ms="566" status="PASS">
          <reporter-output>
          </reporter-output>
        </test-method> <!-- quitBrowser -->
      </class> <!-- TestCases.AddToCart -->
      <class name="TestCases.AddToCart2">
        <test-method signature="AddToCart()[pri:0, instance:TestCases.AddToCart2@2e6a8155]" started-at="2024-01-02T12:23:23 IST" name="AddToCart" finished-at="2024-01-02T12:23:23 IST" duration-ms="11" status="PASS">
          <reporter-output>
          </reporter-output>
        </test-method> <!-- AddToCart -->
      </class> <!-- TestCases.AddToCart2 -->
    </test> <!-- Test -->
  </suite> <!-- Suite -->
</testng-results>
